# JRE version: 7.0_07-b10
# Java VM: Java HotSpot(TM) Client VM (23.3-b01 mixed mode, sharing windows-x86 )
Heap
 def new generation   total 18048K, used 6768K [0x23970000, 0x24d00000, 0x28ec0000)
  eden space 16064K,  42% used [0x23970000, 0x2400c1e8, 0x24920000)
  from space 1984K,   0% used [0x24920000, 0x24920000, 0x24b10000)
  to   space 1984K,   0% used [0x24b10000, 0x24b10000, 0x24d00000)
 tenured generation   total 39984K, used 23990K [0x28ec0000, 0x2b5cc000, 0x33970000)
   the space 39984K,  59% used [0x28ec0000, 0x2a62d800, 0x2a62d800, 0x2b5cc000)
 compacting perm gen  total 12288K, used 1620K [0x33970000, 0x34570000, 0x37970000)
   the space 12288K,  13% used [0x33970000, 0x33b05008, 0x33b05200, 0x34570000)
    ro space 10240K,  45% used [0x37970000, 0x37df4650, 0x37df4800, 0x38370000)
    rw space 12288K,  54% used [0x38370000, 0x389f7e58, 0x389f8000, 0x38f70000)
GC Heap History (10 events):
Event: 0.840 GC heap before
{Heap before GC invocations=4 (full 1):
 def new generation   total 5888K, used 5264K [0x23970000, 0x23fd0000, 0x28ec0000)
  eden space 5248K, 100% used [0x23970000, 0x23e90000, 0x23e90000)
  from space 640K,   2% used [0x23e90000, 0x23e94020, 0x23f30000)
  to   space 640K,   0% used [0x23f30000, 0x23f30000, 0x23fd0000)
 tenured generation   total 13008K, used 9208K [0x28ec0000, 0x29b74000, 0x33970000)
   the space 13008K,  70% used [0x28ec0000, 0x297be340, 0x297be400, 0x29b74000)
 compacting perm gen  total 12288K, used 1484K [0x33970000, 0x34570000, 0x37970000)
   the space 12288K,  12% used [0x33970000, 0x33ae3100, 0x33ae3200, 0x34570000)
    ro space 10240K,  45% used [0x37970000, 0x37df4650, 0x37df4800, 0x38370000)
    rw space 12288K,  54% used [0x38370000, 0x389f7e58, 0x389f8000, 0x38f70000)
Event: 0.844 GC heap after
Heap after GC invocations=5 (full 1):
 def new generation   total 5888K, used 22K [0x23970000, 0x23fd0000, 0x28ec0000)
  eden space 5248K,   0% used [0x23970000, 0x23970000, 0x23e90000)
  from space 640K,   3% used [0x23f30000, 0x23f35a90, 0x23fd0000)
  to   space 640K,   0% used [0x23e90000, 0x23e90000, 0x23f30000)
 tenured generation   total 13008K, used 12958K [0x28ec0000, 0x29b74000, 0x33970000)
   the space 13008K,  99% used [0x28ec0000, 0x29b67b60, 0x29b67c00, 0x29b74000)
 compacting perm gen  total 12288K, used 1484K [0x33970000, 0x34570000, 0x37970000)
   the space 12288K,  12% used [0x33970000, 0x33ae3100, 0x33ae3200, 0x34570000)
    ro space 10240K,  45% used [0x37970000, 0x37df4650, 0x37df4800, 0x38370000)
    rw space 12288K,  54% used [0x38370000, 0x389f7e58, 0x389f8000, 0x38f70000)
}
Event: 0.905 GC heap before
{Heap before GC invocations=5 (full 1):
 def new generation   total 5888K, used 5270K [0x23970000, 0x23fd0000, 0x28ec0000)
  eden space 5248K, 100% used [0x23970000, 0x23e90000, 0x23e90000)
  from space 640K,   3% used [0x23f30000, 0x23f35a90, 0x23fd0000)
  to   space 640K,   0% used [0x23e90000, 0x23e90000, 0x23f30000)
 tenured generation   total 13008K, used 12958K [0x28ec0000, 0x29b74000, 0x33970000)
   the space 13008K,  99% used [0x28ec0000, 0x29b67b60, 0x29b67c00, 0x29b74000)
 compacting perm gen  total 12288K, used 1484K [0x33970000, 0x34570000, 0x37970000)
   the space 12288K,  12% used [0x33970000, 0x33ae3100, 0x33ae3200, 0x34570000)
    ro space 10240K,  45% used [0x37970000, 0x37df4650, 0x37df4800, 0x38370000)
    rw space 12288K,  54% used [0x38370000, 0x389f7e58, 0x389f8000, 0x38f70000)
Event: 0.943 GC heap after
Heap after GC invocations=6 (full 2):
 def new generation   total 10496K, used 0K [0x23970000, 0x244d0000, 0x28ec0000)
  eden space 9344K,   0% used [0x23970000, 0x23970000, 0x24290000)
  from space 1152K,   0% used [0x24290000, 0x24290000, 0x243b0000)
  to   space 1152K,   0% used [0x243b0000, 0x243b0000, 0x244d0000)
 tenured generation   total 23200K, used 13919K [0x28ec0000, 0x2a568000, 0x33970000)
   the space 23200K,  59% used [0x28ec0000, 0x29c57cb8, 0x29c57e00, 0x2a568000)
 compacting perm gen  total 12288K, used 1484K [0x33970000, 0x34570000, 0x37970000)
   the space 12288K,  12% used [0x33970000, 0x33ae3100, 0x33ae3200, 0x34570000)
    ro space 10240K,  45% used [0x37970000, 0x37df4650, 0x37df4800, 0x38370000)
    rw space 12288K,  54% used [0x38370000, 0x389f7e58, 0x389f8000, 0x38f70000)
}
Event: 1.046 GC heap before
{Heap before GC invocations=6 (full 2):
 def new generation   total 10496K, used 8191K [0x23970000, 0x244d0000, 0x28ec0000)
  eden space 9344K,  87% used [0x23970000, 0x2416ff58, 0x24290000)
  from space 1152K,   0% used [0x24290000, 0x24290000, 0x243b0000)
  to   space 1152K,   0% used [0x243b0000, 0x243b0000, 0x244d0000)
 tenured generation   total 23200K, used 13919K [0x28ec0000, 0x2a568000, 0x33970000)
   the space 23200K,  59% used [0x28ec0000, 0x29c57cb8, 0x29c57e00, 0x2a568000)
 compacting perm gen  total 12288K, used 1546K [0x33970000, 0x34570000, 0x37970000)
   the space 12288K,  12% used [0x33970000, 0x33af2870, 0x33af2a00, 0x34570000)
    ro space 10240K,  45% used [0x37970000, 0x37df4650, 0x37df4800, 0x38370000)
    rw space 12288K,  54% used [0x38370000, 0x389f7e58, 0x389f8000, 0x38f70000)
Event: 1.052 GC heap after
Heap after GC invocations=7 (full 2):
 def new generation   total 10496K, used 19K [0x23970000, 0x244d0000, 0x28ec0000)
  eden space 9344K,   0% used [0x23970000, 0x23970000, 0x24290000)
  from space 1152K,   1% used [0x243b0000, 0x243b4c00, 0x244d0000)
  to   space 1152K,   0% used [0x24290000, 0x24290000, 0x243b0000)
 tenured generation   total 23200K, used 19075K [0x28ec0000, 0x2a568000, 0x33970000)
   the space 23200K,  82% used [0x28ec0000, 0x2a160de8, 0x2a160e00, 0x2a568000)
 compacting perm gen  total 12288K, used 1546K [0x33970000, 0x34570000, 0x37970000)
   the space 12288K,  12% used [0x33970000, 0x33af2870, 0x33af2a00, 0x34570000)
    ro space 10240K,  45% used [0x37970000, 0x37df4650, 0x37df4800, 0x38370000)
    rw space 12288K,  54% used [0x38370000, 0x389f7e58, 0x389f8000, 0x38f70000)
}
Event: 1.213 GC heap before
{Heap before GC invocations=7 (full 2):
 def new generation   total 10496K, used 9363K [0x23970000, 0x244d0000, 0x28ec0000)
  eden space 9344K, 100% used [0x23970000, 0x24290000, 0x24290000)
  from space 1152K,   1% used [0x243b0000, 0x243b4c00, 0x244d0000)
  to   space 1152K,   0% used [0x24290000, 0x24290000, 0x243b0000)
 tenured generation   total 23200K, used 19075K [0x28ec0000, 0x2a568000, 0x33970000)
   the space 23200K,  82% used [0x28ec0000, 0x2a160de8, 0x2a160e00, 0x2a568000)
 compacting perm gen  total 12288K, used 1553K [0x33970000, 0x34570000, 0x37970000)
   the space 12288K,  12% used [0x33970000, 0x33af4520, 0x33af4600, 0x34570000)
    ro space 10240K,  45% used [0x37970000, 0x37df4650, 0x37df4800, 0x38370000)
    rw space 12288K,  54% used [0x38370000, 0x389f7e58, 0x389f8000, 0x38f70000)
Event: 1.220 GC heap after
Heap after GC invocations=8 (full 2):
 def new generation   total 10496K, used 470K [0x23970000, 0x244d0000, 0x28ec0000)
  eden space 9344K,   0% used [0x23970000, 0x23970000, 0x24290000)
  from space 1152K,  40% used [0x24290000, 0x24305928, 0x243b0000)
  to   space 1152K,   0% used [0x243b0000, 0x243b0000, 0x244d0000)
 tenured generation   total 23200K, used 22356K [0x28ec0000, 0x2a568000, 0x33970000)
   the space 23200K,  96% used [0x28ec0000, 0x2a495308, 0x2a495400, 0x2a568000)
 compacting perm gen  total 12288K, used 1553K [0x33970000, 0x34570000, 0x37970000)
   the space 12288K,  12% used [0x33970000, 0x33af4520, 0x33af4600, 0x34570000)
    ro space 10240K,  45% used [0x37970000, 0x37df4650, 0x37df4800, 0x38370000)
    rw space 12288K,  54% used [0x38370000, 0x389f7e58, 0x389f8000, 0x38f70000)
}
Event: 1.920 GC heap before
{Heap before GC invocations=8 (full 2):
 def new generation   total 10496K, used 9814K [0x23970000, 0x244d0000, 0x28ec0000)
  eden space 9344K, 100% used [0x23970000, 0x24290000, 0x24290000)
  from space 1152K,  40% used [0x24290000, 0x24305928, 0x243b0000)
  to   space 1152K,   0% used [0x243b0000, 0x243b0000, 0x244d0000)
 tenured generation   total 23200K, used 22356K [0x28ec0000, 0x2a568000, 0x33970000)
   the space 23200K,  96% used [0x28ec0000, 0x2a495308, 0x2a495400, 0x2a568000)
 compacting perm gen  total 12288K, used 1576K [0x33970000, 0x34570000, 0x37970000)
   the space 12288K,  12% used [0x33970000, 0x33afa288, 0x33afa400, 0x34570000)
    ro space 10240K,  45% used [0x37970000, 0x37df4650, 0x37df4800, 0x38370000)
    rw space 12288K,  54% used [0x38370000, 0x389f7e58, 0x389f8000, 0x38f70000)
Event: 1.965 GC heap after
Heap after GC invocations=9 (full 3):
 def new generation   total 18048K, used 0K [0x23970000, 0x24d00000, 0x28ec0000)
  eden space 16064K,   0% used [0x23970000, 0x23970000, 0x24920000)
  from space 1984K,   0% used [0x24920000, 0x24920000, 0x24b10000)
  to   space 1984K,   0% used [0x24b10000, 0x24b10000, 0x24d00000)
 tenured generation   total 39984K, used 23990K [0x28ec0000, 0x2b5cc000, 0x33970000)
   the space 39984K,  59% used [0x28ec0000, 0x2a62d800, 0x2a62d800, 0x2b5cc000)
 compacting perm gen  total 12288K, used 1576K [0x33970000, 0x34570000, 0x37970000)
   the space 12288K,  12% used [0x33970000, 0x33afa288, 0x33afa400, 0x34570000)
    ro space 10240K,  45% used [0x37970000, 0x37df4650, 0x37df4800, 0x38370000)
    rw space 12288K,  54% used [0x38370000, 0x389f7e58, 0x389f8000, 0x38f70000)
}

